[     730ms] [WARNING] [WEBSOCKETS] - Subscribing {params: Object, subscriber: bound wsHandlePosition} @ https://kalshi.com/_next/static/chunks/0q~3w5mbasf3y.js:3
[     732ms] [WARNING] [WEBSOCKETS] - Subscribing {params: Object, subscriber: bound queueWsHandleTicker} @ https://kalshi.com/_next/static/chunks/0q~3w5mbasf3y.js:3
[     732ms] [WARNING] [WEBSOCKETS] - Subscribing {params: Object, subscriber: bound wsHandleLifecycle} @ https://kalshi.com/_next/static/chunks/0q~3w5mbasf3y.js:3
[     876ms] [LOG] datadog init config.commitRef 33dd3c2efccc54dceb0d173d2e37477c3db0ba06 @ https://kalshi.com/_next/static/chunks/0q~3w5mbasf3y.js:3
[    1470ms] [LOG] PS :: 21:37:8:327 Info: uapx Diagnostic - Host called API: Start With Config @ https://kalshi.com/_next/static/chunks/0q~3w5mbasf3y.js:3
[    1472ms] [LOG] PS :: 21:37:8:329 Info: uapx Diagnostic - Host called API: Send Conversion @ https://kalshi.com/_next/static/chunks/0q~3w5mbasf3y.js:3
[    1670ms] [LOG] PS :: 21:37:8:527 Info: Response: {} @ https://kalshi.com/_next/static/chunks/0q~3w5mbasf3y.js:3
[    1670ms] [LOG] PS :: 21:37:8:527 Info: Server config success! @ https://kalshi.com/_next/static/chunks/0q~3w5mbasf3y.js:3
[    1671ms] [LOG] PS :: 21:37:8:528 Info: uapx Diagnostic - Started SDK 1.8.0
      published 1/5/2026, 5:57:54 PM @ https://kalshi.com/_next/static/chunks/0q~3w5mbasf3y.js:3
[    1671ms] [LOG] PS :: 21:37:8:528 Info: uapx Diagnostic - The log level is set to Info @ https://kalshi.com/_next/static/chunks/0q~3w5mbasf3y.js:3
[    1737ms] [LOG] PS :: 21:37:8:593 Info: Conversion success! @ https://kalshi.com/_next/static/chunks/0q~3w5mbasf3y.js:3
[    1880ms] [WARNING] Amplitude Logger [Warn]: Plugin with name gtm-library-enrichment already exists, skipping registration @ https://kalshi.com/_next/static/chunks/0q~3w5mbasf3y.js:3
[    1895ms] [WARNING] Identity value for 'other' is falsy (undefined). This value will be removed from the request. @ https://kalshi.com/_next/static/chunks/0q~3w5mbasf3y.js:3
[    4862ms] [WARNING] The resource https://apps.rokt.com/icons/rokt-icons.woff was preloaded using link preload but not used within a few seconds from the window's load event. Please make sure it has an appropriate `as` value and it is preloaded intentionally. @ https://apps.rokt.com/wsdk/plugins/dcui/index.html:0
[   17942ms] [WARNING] The resource https://kalshi.com/_next/static/chunks/0ji.9314.gi5..css was preloaded using link preload but not used within a few seconds from the window's load event. Please make sure it has an appropriate `as` value and it is preloaded intentionally. @ https://kalshi.com/fee-schedule:0
[   25013ms] [WARNING] The resource https://kalshi.com/_next/static/chunks/0ji.9314.gi5..css was preloaded using link preload but not used within a few seconds from the window's load event. Please make sure it has an appropriate `as` value and it is preloaded intentionally. @ https://kalshi.com/fee-schedule:0
[   28788ms] [WARNING] The resource https://kalshi.com/_next/static/chunks/0ji.9314.gi5..css was preloaded using link preload but not used within a few seconds from the window's load event. Please make sure it has an appropriate `as` value and it is preloaded intentionally. @ https://kalshi.com/fee-schedule:0
[   34395ms] [WARNING] The resource https://kalshi.com/_next/static/chunks/0ji.9314.gi5..css was preloaded using link preload but not used within a few seconds from the window's load event. Please make sure it has an appropriate `as` value and it is preloaded intentionally. @ https://kalshi.com/fee-schedule:0
[   47895ms] [WARNING] The resource https://kalshi.com/_next/static/chunks/0ji.9314.gi5..css was preloaded using link preload but not used within a few seconds from the window's load event. Please make sure it has an appropriate `as` value and it is preloaded intentionally. @ https://kalshi.com/fee-schedule:0
[   64406ms] [WARNING] The resource https://kalshi.com/_next/static/chunks/0ji.9314.gi5..css was preloaded using link preload but not used within a few seconds from the window's load event. Please make sure it has an appropriate `as` value and it is preloaded intentionally. @ https://kalshi.com/fee-schedule:0
[   95174ms] [WARNING] The resource https://kalshi.com/_next/static/chunks/0ji.9314.gi5..css was preloaded using link preload but not used within a few seconds from the window's load event. Please make sure it has an appropriate `as` value and it is preloaded intentionally. @ https://kalshi.com/fee-schedule:0
[  103824ms] [WARNING] The resource https://kalshi.com/_next/static/chunks/0ji.9314.gi5..css was preloaded using link preload but not used within a few seconds from the window's load event. Please make sure it has an appropriate `as` value and it is preloaded intentionally. @ https://kalshi.com/fee-schedule:0
[  125211ms] [WARNING] The resource https://kalshi.com/_next/static/chunks/0ji.9314.gi5..css was preloaded using link preload but not used within a few seconds from the window's load event. Please make sure it has an appropriate `as` value and it is preloaded intentionally. @ https://kalshi.com/fee-schedule:0
