[    1319ms] [WARNING] [WEBSOCKETS] - Subscribing {params: Object, subscriber: bound wsHandlePosition} @ https://kalshi.com/_next/static/chunks/0q~3w5mbasf3y.js:3
[    1321ms] [WARNING] [WEBSOCKETS] - Subscribing {params: Object, subscriber: bound queueWsHandleTicker} @ https://kalshi.com/_next/static/chunks/0q~3w5mbasf3y.js:3
[    1321ms] [WARNING] [WEBSOCKETS] - Subscribing {params: Object, subscriber: bound wsHandleLifecycle} @ https://kalshi.com/_next/static/chunks/0q~3w5mbasf3y.js:3
[    2679ms] [LOG] datadog init config.commitRef 33dd3c2efccc54dceb0d173d2e37477c3db0ba06 @ https://kalshi.com/_next/static/chunks/0q~3w5mbasf3y.js:3
[    3733ms] [LOG] PS :: 21:32:33:160 Info: uapx Diagnostic - Host called API: Start With Config @ https://kalshi.com/_next/static/chunks/0q~3w5mbasf3y.js:3
[    3735ms] [LOG] PS :: 21:32:33:162 Info: uapx Diagnostic - Host called API: Send Conversion @ https://kalshi.com/_next/static/chunks/0q~3w5mbasf3y.js:3
[    3745ms] [WARNING] Amplitude Logger [Warn]: Plugin with name gtm-library-enrichment already exists, skipping registration @ https://kalshi.com/_next/static/chunks/0q~3w5mbasf3y.js:3
[    4617ms] [WARNING] Identity value for 'other' is falsy (undefined). This value will be removed from the request. @ https://kalshi.com/_next/static/chunks/0q~3w5mbasf3y.js:3
[    4617ms] [WARNING] There is no callback provided @ https://kalshi.com/_next/static/chunks/0q~3w5mbasf3y.js:3
[    4619ms] [LOG] PS :: 21:32:34:47 Info: Response: {} @ https://kalshi.com/_next/static/chunks/0q~3w5mbasf3y.js:3
[    4619ms] [LOG] PS :: 21:32:34:47 Info: Server config success! @ https://kalshi.com/_next/static/chunks/0q~3w5mbasf3y.js:3
[    4620ms] [LOG] PS :: 21:32:34:47 Info: uapx Diagnostic - Started SDK 1.8.0
      published 1/5/2026, 5:57:54 PM @ https://kalshi.com/_next/static/chunks/0q~3w5mbasf3y.js:3
[    4620ms] [LOG] PS :: 21:32:34:47 Info: uapx Diagnostic - The log level is set to Info @ https://kalshi.com/_next/static/chunks/0q~3w5mbasf3y.js:3
[    4658ms] [LOG] PS :: 21:32:34:85 Info: Conversion success! @ https://kalshi.com/_next/static/chunks/0q~3w5mbasf3y.js:3
[    7098ms] [WARNING] The resource https://apps.rokt.com/icons/rokt-icons.woff was preloaded using link preload but not used within a few seconds from the window's load event. Please make sure it has an appropriate `as` value and it is preloaded intentionally. @ https://apps.rokt.com/wsdk/plugins/dcui/index.html:0
[   16785ms] [WARNING] The resource https://kalshi.com/_next/static/chunks/0ji.9314.gi5..css was preloaded using link preload but not used within a few seconds from the window's load event. Please make sure it has an appropriate `as` value and it is preloaded intentionally. @ https://kalshi.com/fee-schedule:0
[   35969ms] [WARNING] The resource https://kalshi.com/_next/static/chunks/0ji.9314.gi5..css was preloaded using link preload but not used within a few seconds from the window's load event. Please make sure it has an appropriate `as` value and it is preloaded intentionally. @ https://kalshi.com/fee-schedule:0
[   46559ms] [WARNING] The resource https://kalshi.com/_next/static/chunks/0ji.9314.gi5..css was preloaded using link preload but not used within a few seconds from the window's load event. Please make sure it has an appropriate `as` value and it is preloaded intentionally. @ https://kalshi.com/fee-schedule:0
[   66007ms] [WARNING] The resource https://kalshi.com/_next/static/chunks/0ji.9314.gi5..css was preloaded using link preload but not used within a few seconds from the window's load event. Please make sure it has an appropriate `as` value and it is preloaded intentionally. @ https://kalshi.com/fee-schedule:0
[   80326ms] [WARNING] The resource https://kalshi.com/_next/static/chunks/0ji.9314.gi5..css was preloaded using link preload but not used within a few seconds from the window's load event. Please make sure it has an appropriate `as` value and it is preloaded intentionally. @ https://kalshi.com/fee-schedule:0
[   96015ms] [WARNING] The resource https://kalshi.com/_next/static/chunks/0ji.9314.gi5..css was preloaded using link preload but not used within a few seconds from the window's load event. Please make sure it has an appropriate `as` value and it is preloaded intentionally. @ https://kalshi.com/fee-schedule:0
[  126175ms] [WARNING] The resource https://kalshi.com/_next/static/chunks/0ji.9314.gi5..css was preloaded using link preload but not used within a few seconds from the window's load event. Please make sure it has an appropriate `as` value and it is preloaded intentionally. @ https://kalshi.com/fee-schedule:0
[  144053ms] [WARNING] The resource https://kalshi.com/_next/static/chunks/0ji.9314.gi5..css was preloaded using link preload but not used within a few seconds from the window's load event. Please make sure it has an appropriate `as` value and it is preloaded intentionally. @ https://kalshi.com/fee-schedule:0
[  156244ms] [WARNING] The resource https://kalshi.com/_next/static/chunks/0ji.9314.gi5..css was preloaded using link preload but not used within a few seconds from the window's load event. Please make sure it has an appropriate `as` value and it is preloaded intentionally. @ https://kalshi.com/fee-schedule:0
